android/capacitor-cordova-android-plugins/build/intermediates/manifest_merge_blame_file/debug/processDebugManifest/manifest-merger-blame-debug-report.txt
1<?xml version="1.0" encoding="utf-8"?>
2<manifest xmlns:amazon="http://schemas.amazon.com/apk/res/android"
3    xmlns:android="http://schemas.android.com/apk/res/android"
4    package="capacitor.cordova.android.plugins" >
5
6    <uses-sdk android:minSdkVersion="22" />
7
8    <uses-permission android:name="android.permission.RECORD_AUDIO" />
8-->src\main\AndroidManifest.xml:7:1-66
8-->src\main\AndroidManifest.xml:7:18-64
9    <uses-permission android:name="android.permission.MODIFY_AUDIO_SETTINGS" />
9-->src\main\AndroidManifest.xml:8:1-75
9-->src\main\AndroidManifest.xml:8:18-73
10
11    <application>
11-->src\main\AndroidManifest.xml:4:1-6:15
12    </application>
13
14</manifest>